This is XeTeX, Version 3.141592653-2.6-0.999998 (MiKTeX 26.2) (preloaded format=xelatex 2026.3.29)  19 APR 2026 13:38
entering extended mode
 restricted \write18 enabled.
 %&-line parsing enabled.
**./algebra_2_recitations.tex
(algebra_2_recitations.tex
LaTeX2e <2025-11-01>
L3 programming layer <2026-01-19>
(C:\Users\tealeaf\AppData\Local\Programs\MiKTeX\tex/latex/base\book.cls
Document Class: book 2025/01/22 v1.4n Standard LaTeX document class
(C:\Users\tealeaf\AppData\Local\Programs\MiKTeX\tex/latex/base\bk10.clo
File: bk10.clo 2025/01/22 v1.4n Standard LaTeX file (size option)
)
\c@part=\count271
\c@chapter=\count272
\c@section=\count273
\c@subsection=\count274
\c@subsubsection=\count275
\c@paragraph=\count276
\c@subparagraph=\count277
\c@figure=\count278
\c@table=\count279
\abovecaptionskip=\skip49
\belowcaptionskip=\skip50
\bibindent=\dimen148
)
(C:/localtexmf\tex/latex/maths\maths.sty
Package: maths 2018/06/16 Mathematics Macros

(C:\Users\tealeaf\AppData\Local\Programs\MiKTeX\tex/latex/amsmath\amsmath.sty
Package: amsmath 2025/07/09 v2.17z AMS math features
\@mathmargin=\skip51

For additional information on amsmath, use the `?' option.
(C:\Users\tealeaf\AppData\Local\Programs\MiKTeX\tex/latex/amsmath\amstext.sty
Package: amstext 2024/11/17 v2.01 AMS text

(C:\Users\tealeaf\AppData\Local\Programs\MiKTeX\tex/latex/amsmath\amsgen.sty
File: amsgen.sty 1999/11/30 v2.0 generic functions
\@emptytoks=\toks17
\ex@=\dimen149
))
(C:\Users\tealeaf\AppData\Local\Programs\MiKTeX\tex/latex/amsmath\amsbsy.sty
Package: amsbsy 1999/11/29 v1.2d Bold Symbols
\pmbraise@=\dimen150
)
(C:\Users\tealeaf\AppData\Local\Programs\MiKTeX\tex/latex/amsmath\amsopn.sty
Package: amsopn 2022/04/08 v2.04 operator names
)
\inf@bad=\count280
LaTeX Info: Redefining \frac on input line 233.
\uproot@=\count281
\leftroot@=\count282
LaTeX Info: Redefining \overline on input line 398.
LaTeX Info: Redefining \colon on input line 409.
\classnum@=\count283
\DOTSCASE@=\count284
LaTeX Info: Redefining \ldots on input line 495.
LaTeX Info: Redefining \dots on input line 498.
LaTeX Info: Redefining \cdots on input line 619.
\Mathstrutbox@=\box53
\strutbox@=\box54
LaTeX Info: Redefining \big on input line 721.
LaTeX Info: Redefining \Big on input line 722.
LaTeX Info: Redefining \bigg on input line 723.
LaTeX Info: Redefining \Bigg on input line 724.
\big@size=\dimen151
LaTeX Font Info:    Redeclaring font encoding OML on input line 742.
LaTeX Font Info:    Redeclaring font encoding OMS on input line 743.
\macc@depth=\count285
LaTeX Info: Redefining \bmod on input line 904.
LaTeX Info: Redefining \pmod on input line 909.
LaTeX Info: Redefining \smash on input line 939.
LaTeX Info: Redefining \relbar on input line 969.
LaTeX Info: Redefining \Relbar on input line 970.
\c@MaxMatrixCols=\count286
\dotsspace@=\muskip17
\c@parentequation=\count287
\dspbrk@lvl=\count288
\tag@help=\toks18
\row@=\count289
\column@=\count290
\maxfields@=\count291
\andhelp@=\toks19
\eqnshift@=\dimen152
\alignsep@=\dimen153
\tagshift@=\dimen154
\tagwidth@=\dimen155
\totwidth@=\dimen156
\lineht@=\dimen157
\@envbody=\toks20
\multlinegap=\skip52
\multlinetaggap=\skip53
\mathdisplay@stack=\toks21
LaTeX Info: Redefining \[ on input line 2950.
LaTeX Info: Redefining \] on input line 2951.
)
(C:\Users\tealeaf\AppData\Local\Programs\MiKTeX\tex/latex/amsfonts\amsfonts.sty
Package: amsfonts 2013/01/14 v3.01 Basic AMSFonts support
\symAMSa=\mathgroup4
\symAMSb=\mathgroup5
LaTeX Font Info:    Redeclaring math symbol \hbar on input line 98.
LaTeX Font Info:    Overwriting math alphabet `\mathfrak' in version `bold'
(Font)                  U/euf/m/n --> U/euf/b/n on input line 106.
)
(C:\Users\tealeaf\AppData\Local\Programs\MiKTeX\tex/latex/amsfonts\amssymb.sty
Package: amssymb 2013/01/14 v3.01 AMS font symbols
)
(C:\Users\tealeaf\AppData\Local\Programs\MiKTeX\tex/latex/jknappen\mathrsfs.sty
Package: mathrsfs 1996/01/01 Math RSFS package v1.0 (jk)
\symrsfs=\mathgroup6
)
(C:\Users\tealeaf\AppData\Local\Programs\MiKTeX\tex/latex/mathtools\mathtools.s
ty
Package: mathtools 2024/10/04 v1.31 mathematical typesetting tools

(C:\Users\tealeaf\AppData\Local\Programs\MiKTeX\tex/latex/graphics\keyval.sty
Package: keyval 2022/05/29 v1.15 key=value parser (DPC)
\KV@toks@=\toks22
)
(C:\Users\tealeaf\AppData\Local\Programs\MiKTeX\tex/latex/tools\calc.sty
Package: calc 2025/03/01 v4.3b Infix arithmetic (KKT,FJ)
\calc@Acount=\count292
\calc@Bcount=\count293
\calc@Adimen=\dimen158
\calc@Bdimen=\dimen159
\calc@Askip=\skip54
\calc@Bskip=\skip55
LaTeX Info: Redefining \setlength on input line 86.
LaTeX Info: Redefining \addtolength on input line 87.
\calc@Ccount=\count294
\calc@Cskip=\skip56
)
(C:\Users\tealeaf\AppData\Local\Programs\MiKTeX\tex/latex/mathtools\mhsetup.sty
Package: mhsetup 2021/03/18 v1.4 programming setup (MH)
)
\g_MT_multlinerow_int=\count295
\l_MT_multwidth_dim=\dimen160
\origjot=\skip57
\l_MT_shortvdotswithinadjustabove_dim=\dimen161
\l_MT_shortvdotswithinadjustbelow_dim=\dimen162
\l_MT_above_intertext_sep=\dimen163
\l_MT_below_intertext_sep=\dimen164
\l_MT_above_shortintertext_sep=\dimen165
\l_MT_below_shortintertext_sep=\dimen166
\xmathstrut@box=\box55
\xmathstrut@dim=\dimen167
)
(C:\Users\tealeaf\AppData\Local\Programs\MiKTeX\tex/latex/comment\comment.sty
\CommentStream=\write3

Excluding comment 'comment')
(C:\Users\tealeaf\AppData\Local\Programs\MiKTeX\tex/latex/lipsum\lipsum.sty
(C:\Users\tealeaf\AppData\Local\Programs\MiKTeX\tex/latex/l3packages/l3keys2e\l
3keys2e.sty
(C:\Users\tealeaf\AppData\Local\Programs\MiKTeX\tex/latex/l3kernel\expl3.sty
Package: expl3 2026-01-19 L3 programming layer (loader) 

(C:\Users\tealeaf\AppData\Local\Programs\MiKTeX\tex/latex/l3backend\l3backend-x
etex.def
File: l3backend-xetex.def 2025-10-09 L3 backend support: XeTeX
\g__graphics_track_int=\count296
\g__pdfannot_backend_int=\count297
\g__pdfannot_backend_link_int=\count298
))
Package: l3keys2e 2025-10-09 LaTeX2e option processing using LaTeX3 keys
)
Package: lipsum 2021-09-20 v2.7 150 paragraphs of Lorem Ipsum dummy text
\g__lipsum_par_int=\count299
\l__lipsum_a_int=\count300
\l__lipsum_b_int=\count301

(C:\Users\tealeaf\AppData\Local\Programs\MiKTeX\tex/latex/lipsum\lipsum.ltd.tex
))
(C:\Users\tealeaf\AppData\Local\Programs\MiKTeX\tex/latex/xstring\xstring.sty
(C:\Users\tealeaf\AppData\Local\Programs\MiKTeX\tex/generic/xstring\xstring.tex
\xs_counta=\count302
\xs_countb=\count303
)
Package: xstring 2023/08/22 v1.86 String manipulations (CT)
)
(C:\Users\tealeaf\AppData\Local\Programs\MiKTeX\tex/latex/kvoptions\kvoptions.s
ty
Package: kvoptions 2022-06-15 v3.15 Key value format for package options (HO)

(C:\Users\tealeaf\AppData\Local\Programs\MiKTeX\tex/generic/ltxcmds\ltxcmds.sty
Package: ltxcmds 2023-12-04 v1.26 LaTeX kernel commands for general use (HO)
)
(C:\Users\tealeaf\AppData\Local\Programs\MiKTeX\tex/latex/kvsetkeys\kvsetkeys.s
ty
Package: kvsetkeys 2022-10-05 v1.19 Key value parser (HO)
))
(C:\Users\tealeaf\AppData\Local\Programs\MiKTeX\tex/generic/pdftexcmds\pdftexcm
ds.sty
Package: pdftexcmds 2020-06-27 v0.33 Utility functions of pdfTeX for LuaTeX (HO
)

(C:\Users\tealeaf\AppData\Local\Programs\MiKTeX\tex/generic/infwarerr\infwarerr
.sty
Package: infwarerr 2019/12/03 v1.5 Providing info/warning/error messages (HO)
)
(C:\Users\tealeaf\AppData\Local\Programs\MiKTeX\tex/generic/iftex\iftex.sty
Package: iftex 2024/12/12 v1.0g TeX engine tests
)
Package pdftexcmds Info: \pdf@primitive is available.
Package pdftexcmds Info: \pdf@ifprimitive is available.
Package pdftexcmds Info: \pdfdraftmode not found.
)
(C:\Users\tealeaf\AppData\Local\Programs\MiKTeX\tex/latex/base\ifthen.sty
Package: ifthen 2024/03/16 v1.1e Standard LaTeX ifthen package (DPC)
)
(C:\Users\tealeaf\AppData\Local\Programs\MiKTeX\tex/latex/l3packages/xparse\xpa
rse.sty
Package: xparse 2025-10-09 L3 Experimental document command parser
)
(C:\Users\tealeaf\AppData\Local\Programs\MiKTeX\tex/latex/xcolor\xcolor.sty
Package: xcolor 2024/09/29 v3.02 LaTeX color extensions (UK)

(C:\Users\tealeaf\AppData\Local\Programs\MiKTeX\tex/latex/graphics-cfg\color.cf
g
File: color.cfg 2016/01/02 v1.6 sample color configuration
)
Package xcolor Info: Driver file: xetex.def on input line 274.

(C:\Users\tealeaf\AppData\Local\Programs\MiKTeX\tex/latex/graphics-def\xetex.de
f
File: xetex.def 2025/11/01 v5.0p Graphics/color driver for xetex
)
(C:\Users\tealeaf\AppData\Local\Programs\MiKTeX\tex/latex/graphics\mathcolor.lt
x)
Package xcolor Info: Model `cmy' substituted by `cmy0' on input line 1349.
Package xcolor Info: Model `RGB' extended on input line 1365.
Package xcolor Info: Model `HTML' substituted by `rgb' on input line 1367.
Package xcolor Info: Model `Hsb' substituted by `hsb' on input line 1368.
Package xcolor Info: Model `tHsb' substituted by `hsb' on input line 1369.
Package xcolor Info: Model `HSB' substituted by `hsb' on input line 1370.
Package xcolor Info: Model `Gray' substituted by `gray' on input line 1371.
Package xcolor Info: Model `wave' substituted by `hsb' on input line 1372.
)
(C:\Users\tealeaf\AppData\Local\Programs\MiKTeX\tex/latex/caption\caption.sty
Package: caption 2023/08/05 v3.6o Customizing captions (AR)

(C:\Users\tealeaf\AppData\Local\Programs\MiKTeX\tex/latex/caption\caption3.sty
Package: caption3 2023/07/31 v2.4d caption3 kernel (AR)
\caption@tempdima=\dimen168
\captionmargin=\dimen169
\caption@leftmargin=\dimen170
\caption@rightmargin=\dimen171
\caption@width=\dimen172
\caption@indent=\dimen173
\caption@parindent=\dimen174
\caption@hangindent=\dimen175
Package caption Info: Standard document class detected.
)
\c@caption@flags=\count304
\c@continuedfloat=\count305
)
(C:\Users\tealeaf\AppData\Local\Programs\MiKTeX\tex/latex/geometry\geometry.sty
Package: geometry 2026/03/07 v6.0 Page Geometry
(C:\Users\tealeaf\AppData\Local\Programs\MiKTeX\tex/generic/iftex\ifvtex.sty
Package: ifvtex 2019/10/25 v1.7 ifvtex legacy package. Use iftex instead.
)
\Gm@cnth=\count306
\Gm@cntv=\count307
\c@Gm@tempcnt=\count308
\Gm@bindingoffset=\dimen176
\Gm@wd@mp=\dimen177
\Gm@odd@mp=\dimen178
\Gm@even@mp=\dimen179
\Gm@layoutwidth=\dimen180
\Gm@layoutheight=\dimen181
\Gm@layouthoffset=\dimen182
\Gm@layoutvoffset=\dimen183
\Gm@dimlist=\toks23

(C:\Users\tealeaf\AppData\Local\Programs\MiKTeX\tex/latex/geometry\geometry.cfg
))
(C:\Users\tealeaf\AppData\Local\Programs\MiKTeX\tex/latex/fancyhdr\fancyhdr.sty
Package: fancyhdr 2025/02/07 v5.2 Extensive control of page headers and footers

\f@nch@headwidth=\skip58
\f@nch@offset@elh=\skip59
\f@nch@offset@erh=\skip60
\f@nch@offset@olh=\skip61
\f@nch@offset@orh=\skip62
\f@nch@offset@elf=\skip63
\f@nch@offset@erf=\skip64
\f@nch@offset@olf=\skip65
\f@nch@offset@orf=\skip66
\f@nch@height=\skip67
\f@nch@footalignment=\skip68
\f@nch@widthL=\skip69
\f@nch@widthC=\skip70
\f@nch@widthR=\skip71
\@temptokenb=\toks24
)
\pageoffset=\skip72

(C:\Users\tealeaf\AppData\Local\Programs\MiKTeX\tex/latex/emptypage\emptypage.s
ty
Package: emptypage 2010/05/30 v1.2 Suppress page numbers and headings on empty 
pages
) (C:\Users\tealeaf\AppData\Local\Programs\MiKTeX\tex/generic/genmisc\nth.sty
Package: nth 2002/02/27
)
(C:\Users\tealeaf\AppData\Local\Programs\MiKTeX\tex/latex/hyperref\hyperref.sty
Package: hyperref 2026-01-29 v7.01p Hypertext links for LaTeX

(C:\Users\tealeaf\AppData\Local\Programs\MiKTeX\tex/generic/kvdefinekeys\kvdefi
nekeys.sty
Package: kvdefinekeys 2019-12-19 v1.6 Define keys (HO)
)
(C:\Users\tealeaf\AppData\Local\Programs\MiKTeX\tex/generic/pdfescape\pdfescape
.sty
Package: pdfescape 2019/12/09 v1.15 Implements pdfTeX's escape features (HO)
)
(C:\Users\tealeaf\AppData\Local\Programs\MiKTeX\tex/latex/hycolor\hycolor.sty
Package: hycolor 2020-01-27 v1.10 Color options for hyperref/bookmark (HO)
)
(C:\Users\tealeaf\AppData\Local\Programs\MiKTeX\tex/latex/hyperref\nameref.sty
Package: nameref 2026-01-29 v2.58 Cross-referencing by name of section

(C:\Users\tealeaf\AppData\Local\Programs\MiKTeX\tex/latex/refcount\refcount.sty
Package: refcount 2019/12/15 v3.6 Data extraction from label references (HO)
)
(C:\Users\tealeaf\AppData\Local\Programs\MiKTeX\tex/generic/gettitlestring\gett
itlestring.sty
Package: gettitlestring 2019/12/15 v1.6 Cleanup title references (HO)
)
\c@section@level=\count309
)
(C:\Users\tealeaf\AppData\Local\Programs\MiKTeX\tex/latex/etoolbox\etoolbox.sty
Package: etoolbox 2025/10/02 v2.5m e-TeX tools for LaTeX (JAW)
\etb@tempcnta=\count310
)
(C:\Users\tealeaf\AppData\Local\Programs\MiKTeX\tex/generic/stringenc\stringenc
.sty
Package: stringenc 2019/11/29 v1.12 Convert strings between diff. encodings (HO
)
)
\@linkdim=\dimen184
\Hy@linkcounter=\count311
\Hy@pagecounter=\count312

(C:\Users\tealeaf\AppData\Local\Programs\MiKTeX\tex/latex/hyperref\pd1enc.def
File: pd1enc.def 2026-01-29 v7.01p Hyperref: PDFDocEncoding definition (HO)
)
(C:\Users\tealeaf\AppData\Local\Programs\MiKTeX\tex/generic/intcalc\intcalc.sty
Package: intcalc 2019/12/15 v1.3 Expandable calculations with integers (HO)
)
\Hy@SavedSpaceFactor=\count313
 (C:\Users\tealeaf\AppData\Local\Programs\MiKTeX\tex/latex/hyperref\puenc.def
File: puenc.def 2026-01-29 v7.01p Hyperref: PDF Unicode definition (HO)
)
Package hyperref Info: Option `colorlinks' set `true' on input line 4072.
Package hyperref Info: Hyper figures OFF on input line 4201.
Package hyperref Info: Link nesting OFF on input line 4206.
Package hyperref Info: Hyper index ON on input line 4209.
Package hyperref Info: Plain pages OFF on input line 4216.
Package hyperref Info: Backreferencing OFF on input line 4221.
Package hyperref Info: Implicit mode ON; LaTeX internals redefined.
Package hyperref Info: Bookmarks ON on input line 4468.
\c@Hy@tempcnt=\count314
(C:\Users\tealeaf\AppData\Local\Programs\MiKTeX\tex/latex/url\url.sty
\Urlmuskip=\muskip18
Package: url 2013/09/16  ver 3.4  Verb mode for urls, etc.
)
LaTeX Info: Redefining \url on input line 4807.
\XeTeXLinkMargin=\dimen185

(C:\Users\tealeaf\AppData\Local\Programs\MiKTeX\tex/generic/bitset\bitset.sty
Package: bitset 2019/12/09 v1.3 Handle bit-vector datatype (HO)

(C:\Users\tealeaf\AppData\Local\Programs\MiKTeX\tex/generic/bigintcalc\bigintca
lc.sty
Package: bigintcalc 2019/12/15 v1.5 Expandable calculations on big integers (HO
)
))
\Fld@menulength=\count315
\Field@Width=\dimen186
\Fld@charsize=\dimen187
Package hyperref Info: Hyper figures OFF on input line 6084.
Package hyperref Info: Link nesting OFF on input line 6089.
Package hyperref Info: Hyper index ON on input line 6092.
Package hyperref Info: backreferencing OFF on input line 6099.
Package hyperref Info: Link coloring ON on input line 6102.
Package hyperref Info: Link coloring with OCG OFF on input line 6109.
Package hyperref Info: PDF/A mode OFF on input line 6114.
\Hy@abspage=\count316
\c@Item=\count317
\c@Hfootnote=\count318
)
Package hyperref Info: Driver (autodetected): hxetex.

(C:\Users\tealeaf\AppData\Local\Programs\MiKTeX\tex/latex/hyperref\hxetex.def
File: hxetex.def 2026-01-29 v7.01p Hyperref driver for XeTeX
\pdfm@box=\box56
\c@Hy@AnnotLevel=\count319
\HyField@AnnotCount=\count320
\Fld@listcount=\count321
\c@bookmark@seq@number=\count322

(C:\Users\tealeaf\AppData\Local\Programs\MiKTeX\tex/latex/rerunfilecheck\rerunf
ilecheck.sty
Package: rerunfilecheck 2025-06-21 v1.11 Rerun checks for auxiliary files (HO)

(C:\Users\tealeaf\AppData\Local\Programs\MiKTeX\tex/generic/uniquecounter\uniqu
ecounter.sty
Package: uniquecounter 2019/12/15 v1.4 Provide unlimited unique counter (HO)
)
Package uniquecounter Info: New unique counter `rerunfilecheck' on input line 2
84.
)
\Hy@SectionHShift=\skip73
)
(C:\Users\tealeaf\AppData\Local\Programs\MiKTeX\tex/latex/doublestroke\dsfont.s
ty
Package: dsfont 1995/08/01 v0.1 Double stroke roman fonts
)
(C:\Users\tealeaf\AppData\Local\Programs\MiKTeX\tex/generic/mathdots\mathdots.s
ty
Package: mathdots 2014/06/11 v0.9 Improve and add various macros for dots in ma
th.
\MDo@unit=\dimen188
\MDo@dotsbox=\box57
\MDoprekern=\muskip19
\MDopostkern=\muskip20
\MDodotkern=\muskip21
)
(C:\Users\tealeaf\AppData\Local\Programs\MiKTeX\tex/latex/oberdiek\stackrel.sty
Package: stackrel 2016/05/16 v1.3 Adding subscript option to stackrel (HO)

(C:\Users\tealeaf\AppData\Local\Programs\MiKTeX\tex/generic/etexcmds\etexcmds.s
ty
Package: etexcmds 2019/12/15 v1.7 Avoid name clashes with e-TeX commands (HO)
))
(C:\Users\tealeaf\AppData\Local\Programs\MiKTeX\tex/latex/cancel\cancel.sty
Package: cancel 2013/04/12 v2.2 Cancel math terms
)
(C:\Users\tealeaf\AppData\Local\Programs\MiKTeX\tex/latex/pgf/frontendlayer\tik
z.sty
(C:\Users\tealeaf\AppData\Local\Programs\MiKTeX\tex/latex/pgf/basiclayer\pgf.st
y
(C:\Users\tealeaf\AppData\Local\Programs\MiKTeX\tex/latex/pgf/utilities\pgfrcs.
sty
(C:\Users\tealeaf\AppData\Local\Programs\MiKTeX\tex/generic/pgf/utilities\pgfut
il-common.tex
\pgfutil@everybye=\toks25
\pgfutil@tempdima=\dimen189
\pgfutil@tempdimb=\dimen190
)
(C:\Users\tealeaf\AppData\Local\Programs\MiKTeX\tex/generic/pgf/utilities\pgfut
il-latex.def
\pgfutil@abb=\box58
)
(C:\Users\tealeaf\AppData\Local\Programs\MiKTeX\tex/generic/pgf/utilities\pgfrc
s.code.tex
(C:\Users\tealeaf\AppData\Local\Programs\MiKTeX\tex/generic/pgf\pgf.revision.te
x)
Package: pgfrcs 2025-08-29 v3.1.11a (3.1.11a)
))
Package: pgf 2025-08-29 v3.1.11a (3.1.11a)

(C:\Users\tealeaf\AppData\Local\Programs\MiKTeX\tex/latex/pgf/basiclayer\pgfcor
e.sty
(C:\Users\tealeaf\AppData\Local\Programs\MiKTeX\tex/latex/graphics\graphicx.sty
Package: graphicx 2024/12/31 v1.2e Enhanced LaTeX Graphics (DPC,SPQR)

(C:\Users\tealeaf\AppData\Local\Programs\MiKTeX\tex/latex/graphics\graphics.sty
Package: graphics 2024/08/06 v1.4g Standard LaTeX Graphics (DPC,SPQR)
(C:\Users\tealeaf\AppData\Local\Programs\MiKTeX\tex/latex/graphics\trig.sty
Package: trig 2023/12/02 v1.11 sin cos tan (DPC)
)
(C:\Users\tealeaf\AppData\Local\Programs\MiKTeX\tex/latex/graphics-cfg\graphics
.cfg
File: graphics.cfg 2016/06/04 v1.11 sample graphics configuration
)
Package graphics Info: Driver file: xetex.def on input line 106.
)
\Gin@req@height=\dimen191
\Gin@req@width=\dimen192
)
(C:\Users\tealeaf\AppData\Local\Programs\MiKTeX\tex/latex/pgf/systemlayer\pgfsy
s.sty
(C:\Users\tealeaf\AppData\Local\Programs\MiKTeX\tex/generic/pgf/systemlayer\pgf
sys.code.tex
Package: pgfsys 2025-08-29 v3.1.11a (3.1.11a)

(C:\Users\tealeaf\AppData\Local\Programs\MiKTeX\tex/generic/pgf/utilities\pgfke
ys.code.tex
\pgfkeys@pathtoks=\toks26
\pgfkeys@temptoks=\toks27

(C:\Users\tealeaf\AppData\Local\Programs\MiKTeX\tex/generic/pgf/utilities\pgfke
yslibraryfiltered.code.tex
\pgfkeys@tmptoks=\toks28
))
\pgf@x=\dimen193
\pgf@y=\dimen194
\pgf@xa=\dimen195
\pgf@ya=\dimen196
\pgf@xb=\dimen197
\pgf@yb=\dimen198
\pgf@xc=\dimen199
\pgf@yc=\dimen256
\pgf@xd=\dimen257
\pgf@yd=\dimen258
\w@pgf@writea=\write4
\r@pgf@reada=\read2
\c@pgf@counta=\count323
\c@pgf@countb=\count324
\c@pgf@countc=\count325
\c@pgf@countd=\count326
\t@pgf@toka=\toks29
\t@pgf@tokb=\toks30
\t@pgf@tokc=\toks31
\pgf@sys@id@count=\count327

(C:\Users\tealeaf\AppData\Local\Programs\MiKTeX\tex/generic/pgf/systemlayer\pgf
.cfg
File: pgf.cfg 2025-08-29 v3.1.11a (3.1.11a)
)
Driver file for pgf: pgfsys-xetex.def

(C:\Users\tealeaf\AppData\Local\Programs\MiKTeX\tex/generic/pgf/systemlayer\pgf
sys-xetex.def
File: pgfsys-xetex.def 2025-08-29 v3.1.11a (3.1.11a)

(C:\Users\tealeaf\AppData\Local\Programs\MiKTeX\tex/generic/pgf/systemlayer\pgf
sys-dvipdfmx.def
File: pgfsys-dvipdfmx.def 2025-08-29 v3.1.11a (3.1.11a)

(C:\Users\tealeaf\AppData\Local\Programs\MiKTeX\tex/generic/pgf/systemlayer\pgf
sys-common-pdf.def
File: pgfsys-common-pdf.def 2025-08-29 v3.1.11a (3.1.11a)
)
\pgfsys@objnum=\count328
)))
(C:\Users\tealeaf\AppData\Local\Programs\MiKTeX\tex/generic/pgf/systemlayer\pgf
syssoftpath.code.tex
File: pgfsyssoftpath.code.tex 2025-08-29 v3.1.11a (3.1.11a)
\pgfsyssoftpath@smallbuffer@items=\count329
\pgfsyssoftpath@bigbuffer@items=\count330
)
(C:\Users\tealeaf\AppData\Local\Programs\MiKTeX\tex/generic/pgf/systemlayer\pgf
sysprotocol.code.tex
File: pgfsysprotocol.code.tex 2025-08-29 v3.1.11a (3.1.11a)
))
(C:\Users\tealeaf\AppData\Local\Programs\MiKTeX\tex/generic/pgf/basiclayer\pgfc
ore.code.tex
Package: pgfcore 2025-08-29 v3.1.11a (3.1.11a)

(C:\Users\tealeaf\AppData\Local\Programs\MiKTeX\tex/generic/pgf/math\pgfmath.co
de.tex
(C:\Users\tealeaf\AppData\Local\Programs\MiKTeX\tex/generic/pgf/math\pgfmathuti
l.code.tex)
(C:\Users\tealeaf\AppData\Local\Programs\MiKTeX\tex/generic/pgf/math\pgfmathpar
ser.code.tex
\pgfmath@dimen=\dimen259
\pgfmath@count=\count331
\pgfmath@box=\box59
\pgfmath@toks=\toks32
\pgfmath@stack@operand=\toks33
\pgfmath@stack@operation=\toks34
)
(C:\Users\tealeaf\AppData\Local\Programs\MiKTeX\tex/generic/pgf/math\pgfmathfun
ctions.code.tex)
(C:\Users\tealeaf\AppData\Local\Programs\MiKTeX\tex/generic/pgf/math\pgfmathfun
ctions.basic.code.tex)
(C:\Users\tealeaf\AppData\Local\Programs\MiKTeX\tex/generic/pgf/math\pgfmathfun
ctions.trigonometric.code.tex)
(C:\Users\tealeaf\AppData\Local\Programs\MiKTeX\tex/generic/pgf/math\pgfmathfun
ctions.random.code.tex)
(C:\Users\tealeaf\AppData\Local\Programs\MiKTeX\tex/generic/pgf/math\pgfmathfun
ctions.comparison.code.tex)
(C:\Users\tealeaf\AppData\Local\Programs\MiKTeX\tex/generic/pgf/math\pgfmathfun
ctions.base.code.tex)
(C:\Users\tealeaf\AppData\Local\Programs\MiKTeX\tex/generic/pgf/math\pgfmathfun
ctions.round.code.tex)
(C:\Users\tealeaf\AppData\Local\Programs\MiKTeX\tex/generic/pgf/math\pgfmathfun
ctions.misc.code.tex)
(C:\Users\tealeaf\AppData\Local\Programs\MiKTeX\tex/generic/pgf/math\pgfmathfun
ctions.integerarithmetics.code.tex)
(C:\Users\tealeaf\AppData\Local\Programs\MiKTeX\tex/generic/pgf/math\pgfmathcal
c.code.tex)
(C:\Users\tealeaf\AppData\Local\Programs\MiKTeX\tex/generic/pgf/math\pgfmathflo
at.code.tex
\c@pgfmathroundto@lastzeros=\count332
))
(C:\Users\tealeaf\AppData\Local\Programs\MiKTeX\tex/generic/pgf/math\pgfint.cod
e.tex)
(C:\Users\tealeaf\AppData\Local\Programs\MiKTeX\tex/generic/pgf/basiclayer\pgfc
orepoints.code.tex
File: pgfcorepoints.code.tex 2025-08-29 v3.1.11a (3.1.11a)
\pgf@picminx=\dimen260
\pgf@picmaxx=\dimen261
\pgf@picminy=\dimen262
\pgf@picmaxy=\dimen263
\pgf@pathminx=\dimen264
\pgf@pathmaxx=\dimen265
\pgf@pathminy=\dimen266
\pgf@pathmaxy=\dimen267
\pgf@xx=\dimen268
\pgf@xy=\dimen269
\pgf@yx=\dimen270
\pgf@yy=\dimen271
\pgf@zx=\dimen272
\pgf@zy=\dimen273
)
(C:\Users\tealeaf\AppData\Local\Programs\MiKTeX\tex/generic/pgf/basiclayer\pgfc
orepathconstruct.code.tex
File: pgfcorepathconstruct.code.tex 2025-08-29 v3.1.11a (3.1.11a)
\pgf@path@lastx=\dimen274
\pgf@path@lasty=\dimen275
)
(C:\Users\tealeaf\AppData\Local\Programs\MiKTeX\tex/generic/pgf/basiclayer\pgfc
orepathusage.code.tex
File: pgfcorepathusage.code.tex 2025-08-29 v3.1.11a (3.1.11a)
\pgf@shorten@end@additional=\dimen276
\pgf@shorten@start@additional=\dimen277
)
(C:\Users\tealeaf\AppData\Local\Programs\MiKTeX\tex/generic/pgf/basiclayer\pgfc
orescopes.code.tex
File: pgfcorescopes.code.tex 2025-08-29 v3.1.11a (3.1.11a)
\pgfpic=\box60
\pgf@hbox=\box61
\pgf@layerbox@main=\box62
\pgf@picture@serial@count=\count333
)
(C:\Users\tealeaf\AppData\Local\Programs\MiKTeX\tex/generic/pgf/basiclayer\pgfc
oregraphicstate.code.tex
File: pgfcoregraphicstate.code.tex 2025-08-29 v3.1.11a (3.1.11a)
\pgflinewidth=\dimen278
)
(C:\Users\tealeaf\AppData\Local\Programs\MiKTeX\tex/generic/pgf/basiclayer\pgfc
oretransformations.code.tex
File: pgfcoretransformations.code.tex 2025-08-29 v3.1.11a (3.1.11a)
\pgf@pt@x=\dimen279
\pgf@pt@y=\dimen280
\pgf@pt@temp=\dimen281
)
(C:\Users\tealeaf\AppData\Local\Programs\MiKTeX\tex/generic/pgf/basiclayer\pgfc
orequick.code.tex
File: pgfcorequick.code.tex 2025-08-29 v3.1.11a (3.1.11a)
)
(C:\Users\tealeaf\AppData\Local\Programs\MiKTeX\tex/generic/pgf/basiclayer\pgfc
oreobjects.code.tex
File: pgfcoreobjects.code.tex 2025-08-29 v3.1.11a (3.1.11a)
)
(C:\Users\tealeaf\AppData\Local\Programs\MiKTeX\tex/generic/pgf/basiclayer\pgfc
orepathprocessing.code.tex
File: pgfcorepathprocessing.code.tex 2025-08-29 v3.1.11a (3.1.11a)
)
(C:\Users\tealeaf\AppData\Local\Programs\MiKTeX\tex/generic/pgf/basiclayer\pgfc
orearrows.code.tex
File: pgfcorearrows.code.tex 2025-08-29 v3.1.11a (3.1.11a)
\pgfarrowsep=\dimen282
)
(C:\Users\tealeaf\AppData\Local\Programs\MiKTeX\tex/generic/pgf/basiclayer\pgfc
oreshade.code.tex
File: pgfcoreshade.code.tex 2025-08-29 v3.1.11a (3.1.11a)
\pgf@max=\dimen283
\pgf@sys@shading@range@num=\count334
\pgf@shadingcount=\count335
)
(C:\Users\tealeaf\AppData\Local\Programs\MiKTeX\tex/generic/pgf/basiclayer\pgfc
oreimage.code.tex
File: pgfcoreimage.code.tex 2025-08-29 v3.1.11a (3.1.11a)
)
(C:\Users\tealeaf\AppData\Local\Programs\MiKTeX\tex/generic/pgf/basiclayer\pgfc
oreexternal.code.tex
File: pgfcoreexternal.code.tex 2025-08-29 v3.1.11a (3.1.11a)
\pgfexternal@startupbox=\box63
)
(C:\Users\tealeaf\AppData\Local\Programs\MiKTeX\tex/generic/pgf/basiclayer\pgfc
orelayers.code.tex
File: pgfcorelayers.code.tex 2025-08-29 v3.1.11a (3.1.11a)
)
(C:\Users\tealeaf\AppData\Local\Programs\MiKTeX\tex/generic/pgf/basiclayer\pgfc
oretransparency.code.tex
File: pgfcoretransparency.code.tex 2025-08-29 v3.1.11a (3.1.11a)
)
(C:\Users\tealeaf\AppData\Local\Programs\MiKTeX\tex/generic/pgf/basiclayer\pgfc
orepatterns.code.tex
File: pgfcorepatterns.code.tex 2025-08-29 v3.1.11a (3.1.11a)
)
(C:\Users\tealeaf\AppData\Local\Programs\MiKTeX\tex/generic/pgf/basiclayer\pgfc
orerdf.code.tex
File: pgfcorerdf.code.tex 2025-08-29 v3.1.11a (3.1.11a)
)))
(C:\Users\tealeaf\AppData\Local\Programs\MiKTeX\tex/generic/pgf/modules\pgfmodu
leshapes.code.tex
File: pgfmoduleshapes.code.tex 2025-08-29 v3.1.11a (3.1.11a)
\pgfnodeparttextbox=\box64
)
(C:\Users\tealeaf\AppData\Local\Programs\MiKTeX\tex/generic/pgf/modules\pgfmodu
leplot.code.tex
File: pgfmoduleplot.code.tex 2025-08-29 v3.1.11a (3.1.11a)
)
(C:\Users\tealeaf\AppData\Local\Programs\MiKTeX\tex/latex/pgf/compatibility\pgf
comp-version-0-65.sty
Package: pgfcomp-version-0-65 2025-08-29 v3.1.11a (3.1.11a)
\pgf@nodesepstart=\dimen284
\pgf@nodesepend=\dimen285
)
(C:\Users\tealeaf\AppData\Local\Programs\MiKTeX\tex/latex/pgf/compatibility\pgf
comp-version-1-18.sty
Package: pgfcomp-version-1-18 2025-08-29 v3.1.11a (3.1.11a)
))
(C:\Users\tealeaf\AppData\Local\Programs\MiKTeX\tex/latex/pgf/utilities\pgffor.
sty
(C:\Users\tealeaf\AppData\Local\Programs\MiKTeX\tex/latex/pgf/utilities\pgfkeys
.sty
(C:\Users\tealeaf\AppData\Local\Programs\MiKTeX\tex/generic/pgf/utilities\pgfke
ys.code.tex))
(C:\Users\tealeaf\AppData\Local\Programs\MiKTeX\tex/latex/pgf/math\pgfmath.sty
(C:\Users\tealeaf\AppData\Local\Programs\MiKTeX\tex/generic/pgf/math\pgfmath.co
de.tex))
(C:\Users\tealeaf\AppData\Local\Programs\MiKTeX\tex/generic/pgf/utilities\pgffo
r.code.tex
Package: pgffor 2025-08-29 v3.1.11a (3.1.11a)
\pgffor@iter=\dimen286
\pgffor@skip=\dimen287
\pgffor@stack=\toks35
\pgffor@toks=\toks36
))
(C:\Users\tealeaf\AppData\Local\Programs\MiKTeX\tex/generic/pgf/frontendlayer/t
ikz\tikz.code.tex
Package: tikz 2025-08-29 v3.1.11a (3.1.11a)

(C:\Users\tealeaf\AppData\Local\Programs\MiKTeX\tex/generic/pgf/libraries\pgfli
braryplothandlers.code.tex
File: pgflibraryplothandlers.code.tex 2025-08-29 v3.1.11a (3.1.11a)
\pgf@plot@mark@count=\count336
\pgfplotmarksize=\dimen288
)
\tikz@lastx=\dimen289
\tikz@lasty=\dimen290
\tikz@lastxsaved=\dimen291
\tikz@lastysaved=\dimen292
\tikz@lastmovetox=\dimen293
\tikz@lastmovetoy=\dimen294
\tikzleveldistance=\dimen295
\tikzsiblingdistance=\dimen296
\tikz@figbox=\box65
\tikz@figbox@bg=\box66
\tikz@tempbox=\box67
\tikz@tempbox@bg=\box68
\tikztreelevel=\count337
\tikznumberofchildren=\count338
\tikznumberofcurrentchild=\count339
\tikz@fig@count=\count340

(C:\Users\tealeaf\AppData\Local\Programs\MiKTeX\tex/generic/pgf/modules\pgfmodu
lematrix.code.tex
File: pgfmodulematrix.code.tex 2025-08-29 v3.1.11a (3.1.11a)
\pgfmatrixcurrentrow=\count341
\pgfmatrixcurrentcolumn=\count342
\pgf@matrix@numberofcolumns=\count343
)
\tikz@expandcount=\count344

(C:\Users\tealeaf\AppData\Local\Programs\MiKTeX\tex/generic/pgf/frontendlayer/t
ikz/libraries\tikzlibrarytopaths.code.tex
File: tikzlibrarytopaths.code.tex 2025-08-29 v3.1.11a (3.1.11a)
)))
(C:\Users\tealeaf\AppData\Local\Programs\MiKTeX\tex/latex/tikzsymbols\tikzsymbo
ls.sty
Package: tikzsymbols 2021/12/14 v4.12a Some symbols created using tikz and LaTe
X3.

(C:\Users\tealeaf\AppData\Local\Programs\MiKTeX\tex/latex/tools\xspace.sty
Package: xspace 2014/10/28 v1.13 Space after command names (DPC,MH)
)
(C:\Users\tealeaf\AppData\Local\Programs\MiKTeX\tex/generic/pgf/frontendlayer/t
ikz/libraries\tikzlibraryarrows.code.tex
File: tikzlibraryarrows.code.tex 2025-08-29 v3.1.11a (3.1.11a)

(C:\Users\tealeaf\AppData\Local\Programs\MiKTeX\tex/generic/pgf/libraries\pgfli
braryarrows.code.tex
File: pgflibraryarrows.code.tex 2025-08-29 v3.1.11a (3.1.11a)
\arrowsize=\dimen297
))
(C:\Users\tealeaf\AppData\Local\Programs\MiKTeX\tex/generic/pgf/frontendlayer/t
ikz/libraries\tikzlibrarydecorations.pathmorphing.code.tex
(C:\Users\tealeaf\AppData\Local\Programs\MiKTeX\tex/generic/pgf/frontendlayer/t
ikz/libraries\tikzlibrarydecorations.code.tex
(C:\Users\tealeaf\AppData\Local\Programs\MiKTeX\tex/generic/pgf/modules\pgfmodu
ledecorations.code.tex
\pgfdecoratedcompleteddistance=\dimen298
\pgfdecoratedremainingdistance=\dimen299
\pgfdecoratedinputsegmentcompleteddistance=\dimen300
\pgfdecoratedinputsegmentremainingdistance=\dimen301
\pgf@decorate@distancetomove=\dimen302
\pgf@decorate@repeatstate=\count345
\pgfdecorationsegmentamplitude=\dimen303
\pgfdecorationsegmentlength=\dimen304
)
\tikz@lib@dec@box=\box69
)
(C:\Users\tealeaf\AppData\Local\Programs\MiKTeX\tex/generic/pgf/libraries/decor
ations\pgflibrarydecorations.pathmorphing.code.tex))
(C:\Users\tealeaf\AppData\Local\Programs\MiKTeX\tex/generic/pgf/frontendlayer/t
ikz/libraries\tikzlibrarytrees.code.tex
File: tikzlibrarytrees.code.tex 2025-08-29 v3.1.11a (3.1.11a)
)
\l__tikzsymbols_Moai_thickness_dim=\dimen305
\l__tikzsymbols_Kochtopf_nr_arguments_int=\count346
\l__tikzsymbols_Bratpfanne_nr_arguments_int=\count347
\l__tikzsymbols_Schneebesen_nr_arguments_int=\count348
\l__tikzsymbols_Sieb_nr_arguments_int=\count349
\l__tikzsymbols_Purierstab_nr_arguments_int=\count350
\l__tikzsymbols_Dreizack_nr_arguments_int=\count351
\l__tikzsymbols_Backblech_nr_arguments_int=\count352
\l__tikzsymbols_Ofen_nr_arguments_int=\count353
\l__tikzsymbols_Pfanne_nr_arguments_int=\count354
\l__tikzsymbols_Herd_nr_arguments_int=\count355
\l__tikzsymbols_Saftpresse_nr_arguments_int=\count356
\l__tikzsymbols_Schussel_nr_arguments_int=\count357
\l__tikzsymbols_Schaler_nr_arguments_int=\count358
\l__tikzsymbols_Reibe_nr_arguments_int=\count359
\l__tikzsymbols_Flasche_nr_arguments_int=\count360
\l__tikzsymbols_Nudelholz_nr_arguments_int=\count361
\l__tikzsymbols_Knoblauchpresse_nr_arguments_int=\count362
\l__tikzsymbols_Sadey_nr_arguments_int=\count363
\l__tikzsymbols_dSadey_nr_arguments_int=\count364
\l__tikzsymbols_Changey_nr_arguments_int=\count365
\l__tikzsymbols_dChangey_nr_arguments_int=\count366
\l__tikzsymbols_cChangey_nr_arguments_int=\count367
\l__tikzsymbols_dcChangey_nr_arguments_int=\count368
\l__tikzsymbols_Annoey_nr_arguments_int=\count369
\l__tikzsymbols_dAnnoey_nr_arguments_int=\count370
\l__tikzsymbols_Smiley_nr_arguments_int=\count371
\l__tikzsymbols_dSmiley_nr_arguments_int=\count372
\l__tikzsymbols_Laughey_nr_arguments_int=\count373
\l__tikzsymbols_dLaughey_nr_arguments_int=\count374
\l__tikzsymbols_Neutrey_nr_arguments_int=\count375
\l__tikzsymbols_dNeutrey_nr_arguments_int=\count376
\l__tikzsymbols_Winkey_nr_arguments_int=\count377
\l__tikzsymbols_oldWinkey_nr_arguments_int=\count378
\l__tikzsymbols_dWinkey_nr_arguments_int=\count379
\l__tikzsymbols_olddWinkey_nr_arguments_int=\count380
\l__tikzsymbols_Sey_nr_arguments_int=\count381
\l__tikzsymbols_dSey_nr_arguments_int=\count382
\l__tikzsymbols_Xey_nr_arguments_int=\count383
\l__tikzsymbols_dXey_nr_arguments_int=\count384
\l__tikzsymbols_Innocey_nr_arguments_int=\count385
\l__tikzsymbols_wInnocey_nr_arguments_int=\count386
\l__tikzsymbols_dInnocey_nr_arguments_int=\count387
\l__tikzsymbols_Cooley_nr_arguments_int=\count388
\l__tikzsymbols_dCooley_nr_arguments_int=\count389
\l__tikzsymbols_Tongey_nr_arguments_int=\count390
\l__tikzsymbols_dTongey_nr_arguments_int=\count391
\l__tikzsymbols_Nursey_nr_arguments_int=\count392
\l__tikzsymbols_dNursey_nr_arguments_int=\count393
\l__tikzsymbols_Vomey_nr_arguments_int=\count394
\l__tikzsymbols_dVomey_nr_arguments_int=\count395
\l__tikzsymbols_Walley_nr_arguments_int=\count396
\l__tikzsymbols_rWalley_nr_arguments_int=\count397
\l__tikzsymbols_dWalley_nr_arguments_int=\count398
\l__tikzsymbols_drWalley_nr_arguments_int=\count399
\l__tikzsymbols_Cat_nr_arguments_int=\count400
\l__tikzsymbols_SchrodingersCat_nr_arguments_int=\count401
\l__tikzsymbols_Ninja_nr_arguments_int=\count402
\l__tikzsymbols_dNinja_nr_arguments_int=\count403
\l__tikzsymbols_Sleepey_nr_arguments_int=\count404
\l__tikzsymbols_dSleepey_nr_arguments_int=\count405
\l__tikzsymbols_Maskey_nr_arguments_int=\count406
\l__tikzsymbols_NiceReapey_nr_arguments_int=\count407
\l__tikzsymbols_Strichmaxerl_nr_arguments_int=\count408
\l__tikzsymbols_Person_nr_arguments_int=\count409
\l__tikzsymbols_Heart_nr_arguments_int=\count410
\l__tikzsymbols_dHeart_nr_arguments_int=\count411
\l__tikzsymbols_HeartBroken_nr_arguments_int=\count412
\l__tikzsymbols_Candle_nr_arguments_int=\count413
\l__tikzsymbols_Fire_nr_arguments_int=\count414
\l__tikzsymbols_Coffeecup_nr_arguments_int=\count415
\l__tikzsymbols_Chair_nr_arguments_int=\count416
\l__tikzsymbols_Bed_nr_arguments_int=\count417
\l__tikzsymbols_Tribar_nr_arguments_int=\count418
\l__tikzsymbols_Moai_nr_arguments_int=\count419
\l__tikzsymbols_Snowman_nr_arguments_int=\count420
\l__tikzsymbols_BasicTree_nr_arguments_int=\count421
\l__tikzsymbols_WorstTree_nr_arguments_int=\count422
\l__tikzsymbols_Springtree_nr_arguments_int=\count423
\l__tikzsymbols_Summertree_nr_arguments_int=\count424
\l__tikzsymbols_Autumntree_nr_arguments_int=\count425
\l__tikzsymbols_Wintertree_nr_arguments_int=\count426
)
(C:\Users\tealeaf\AppData\Local\Programs\MiKTeX\tex/latex/tikz-cd\tikzlibrarycd
.code.tex
(C:\Users\tealeaf\AppData\Local\Programs\MiKTeX\tex/generic/pgf/frontendlayer/t
ikz/libraries\tikzlibrarymatrix.code.tex
File: tikzlibrarymatrix.code.tex 2025-08-29 v3.1.11a (3.1.11a)
)
(C:\Users\tealeaf\AppData\Local\Programs\MiKTeX\tex/generic/pgf/frontendlayer/t
ikz/libraries\tikzlibraryquotes.code.tex
File: tikzlibraryquotes.code.tex 2025-08-29 v3.1.11a (3.1.11a)
)
(C:\Users\tealeaf\AppData\Local\Programs\MiKTeX\tex/generic/pgf/libraries\pgfli
braryarrows.meta.code.tex
File: pgflibraryarrows.meta.code.tex 2025-08-29 v3.1.11a (3.1.11a)
\pgfarrowinset=\dimen306
\pgfarrowlength=\dimen307
\pgfarrowwidth=\dimen308
\pgfarrowlinewidth=\dimen309
))
(C:\Users\tealeaf\AppData\Local\Programs\MiKTeX\tex/generic/pgf/frontendlayer/t
ikz/libraries\tikzlibrarybending.code.tex
File: tikzlibrarybending.code.tex 2025-08-29 v3.1.11a (3.1.11a)

(C:\Users\tealeaf\AppData\Local\Programs\MiKTeX\tex/generic/pgf/modules\pgfmodu
lebending.code.tex
File: pgfmodulebending.code.tex 2025-08-29 v3.1.11a (3.1.11a)

(C:\Users\tealeaf\AppData\Local\Programs\MiKTeX\tex/generic/pgf/modules\pgfmodu
lenonlineartransformations.code.tex
File: pgfmodulenonlineartransformations.code.tex 2025-08-29 v3.1.11a (3.1.11a)
\pgftransformnonlinearflatness=\dimen310
)
(C:\Users\tealeaf\AppData\Local\Programs\MiKTeX\tex/generic/pgf/libraries\pgfli
brarycurvilinear.code.tex
File: pgflibrarycurvilinear.code.tex 2025-08-29 v3.1.11a (3.1.11a)
\pgf@curvilinear@time@a=\dimen311
\pgf@curvilinear@length@a=\dimen312
\pgf@curvilinear@length@b=\dimen313
\pgf@curvilinear@length@c=\dimen314
\pgf@curvilinear@length@d=\dimen315
)
\pgf@arrows@the@rigidity=\dimen316
))
(C:\Users\tealeaf\AppData\Local\Programs\MiKTeX\tex/generic/pgf/frontendlayer/t
ikz/libraries\tikzlibrarypositioning.code.tex
File: tikzlibrarypositioning.code.tex 2025-08-29 v3.1.11a (3.1.11a)
)
(C:\Users\tealeaf\AppData\Local\Programs\MiKTeX\tex/generic/pgf/frontendlayer/t
ikz/libraries\tikzlibraryshapes.code.tex
File: tikzlibraryshapes.code.tex 2025-08-29 v3.1.11a (3.1.11a)

(C:\Users\tealeaf\AppData\Local\Programs\MiKTeX\tex/generic/pgf/frontendlayer/t
ikz/libraries\tikzlibraryshapes.geometric.code.tex
File: tikzlibraryshapes.geometric.code.tex 2025-08-29 v3.1.11a (3.1.11a)

(C:\Users\tealeaf\AppData\Local\Programs\MiKTeX\tex/generic/pgf/libraries/shape
s\pgflibraryshapes.geometric.code.tex
File: pgflibraryshapes.geometric.code.tex 2025-08-29 v3.1.11a (3.1.11a)
))
(C:\Users\tealeaf\AppData\Local\Programs\MiKTeX\tex/generic/pgf/frontendlayer/t
ikz/libraries\tikzlibraryshapes.misc.code.tex
File: tikzlibraryshapes.misc.code.tex 2025-08-29 v3.1.11a (3.1.11a)

(C:\Users\tealeaf\AppData\Local\Programs\MiKTeX\tex/generic/pgf/libraries/shape
s\pgflibraryshapes.misc.code.tex
File: pgflibraryshapes.misc.code.tex 2025-08-29 v3.1.11a (3.1.11a)
))
(C:\Users\tealeaf\AppData\Local\Programs\MiKTeX\tex/generic/pgf/frontendlayer/t
ikz/libraries\tikzlibraryshapes.symbols.code.tex
File: tikzlibraryshapes.symbols.code.tex 2025-08-29 v3.1.11a (3.1.11a)

(C:\Users\tealeaf\AppData\Local\Programs\MiKTeX\tex/generic/pgf/libraries/shape
s\pgflibraryshapes.symbols.code.tex
File: pgflibraryshapes.symbols.code.tex 2025-08-29 v3.1.11a (3.1.11a)
))
(C:\Users\tealeaf\AppData\Local\Programs\MiKTeX\tex/generic/pgf/frontendlayer/t
ikz/libraries\tikzlibraryshapes.arrows.code.tex
File: tikzlibraryshapes.arrows.code.tex 2025-08-29 v3.1.11a (3.1.11a)

(C:\Users\tealeaf\AppData\Local\Programs\MiKTeX\tex/generic/pgf/libraries/shape
s\pgflibraryshapes.arrows.code.tex
File: pgflibraryshapes.arrows.code.tex 2025-08-29 v3.1.11a (3.1.11a)
))
(C:\Users\tealeaf\AppData\Local\Programs\MiKTeX\tex/generic/pgf/frontendlayer/t
ikz/libraries\tikzlibraryshapes.callouts.code.tex
(C:\Users\tealeaf\AppData\Local\Programs\MiKTeX\tex/generic/pgf/libraries/shape
s\pgflibraryshapes.callouts.code.tex))
(C:\Users\tealeaf\AppData\Local\Programs\MiKTeX\tex/generic/pgf/frontendlayer/t
ikz/libraries\tikzlibraryshapes.multipart.code.tex
File: tikzlibraryshapes.multipart.code.tex 2025-08-29 v3.1.11a (3.1.11a)

(C:\Users\tealeaf\AppData\Local\Programs\MiKTeX\tex/generic/pgf/libraries/shape
s\pgflibraryshapes.multipart.code.tex
File: pgflibraryshapes.multipart.code.tex 2025-08-29 v3.1.11a (3.1.11a)
\pgfnodepartlowerbox=\box70
\pgfnodeparttwobox=\box71
\pgfnodepartthreebox=\box72
\pgfnodepartfourbox=\box73
\pgfnodeparttwentybox=\box74
\pgfnodepartnineteenbox=\box75
\pgfnodeparteighteenbox=\box76
\pgfnodepartseventeenbox=\box77
\pgfnodepartsixteenbox=\box78
\pgfnodepartfifteenbox=\box79
\pgfnodepartfourteenbox=\box80
\pgfnodepartthirteenbox=\box81
\pgfnodeparttwelvebox=\box82
\pgfnodepartelevenbox=\box83
\pgfnodeparttenbox=\box84
\pgfnodepartninebox=\box85
\pgfnodeparteightbox=\box86
\pgfnodepartsevenbox=\box87
\pgfnodepartsixbox=\box88
\pgfnodepartfivebox=\box89
)))
(C:\Users\tealeaf\AppData\Local\Programs\MiKTeX\tex/latex/ntheorem\ntheorem.sty
Style `ntheorem', Version 1.33 <2011/08/15>
Package: ntheorem 2011/08/15 1.33
\theorem@style=\toks37
\theorem@@style=\toks38
\theorembodyfont=\toks39
\theoremnumbering=\toks40
\theorempreskipamount=\skip74
\theorempostskipamount=\skip75
\theoremframepreskipamount=\skip76
\theoremframepostskipamount=\skip77
\theoreminframepreskipamount=\skip78
\theoreminframepostskipamount=\skip79
\theorem@preskip=\toks41
\theorem@postskip=\toks42
\theorem@framepreskip=\toks43
\theorem@framepostskip=\toks44
\theorem@inframepreskip=\toks45
\theorem@inframepostskip=\toks46
\theoremindent=\dimen317
\theorem@indent=\dimen318
\theoremrightindent=\dimen319
\theorem@rightindent=\dimen320
\theoremheaderfont=\toks47
\theoremseparator=\toks48
\theoremprework=\toks49
\theorempostwork=\toks50
\theoremsymbol=\toks51
\qedsymbol=\toks52
\theoremkeyword=\toks53
\qedsymbol=\toks54
\thm@topsep=\skip80
\thm@topsepadd=\skip81
Package ntheorem Info: Option `thmmarks' loaded on input line 1175.
\c@endNonectr=\count427
\c@currNonectr=\count428
\mysavskip=\skip82
Package ntheorem Info: option `amsmath' handling for `thmmarks' loaded on input
 line 1175.
\thm@amstmpdepth=\dimen321
\tagwidth=\dimen322
)
\c@currproofctr=\count429
\c@endproofctr=\count430
\c@proof=\count431
\c@currtheoremxctr=\count432
\c@endtheoremxctr=\count433
\c@theoremx=\count434
\c@currtheoremstarredctr=\count435
\c@endtheoremstarredctr=\count436
\c@theoremstarred=\count437
\c@currlemmactr=\count438
\c@endlemmactr=\count439
\c@currcorollaryctr=\count440
\c@endcorollaryctr=\count441
\c@currpropositionctr=\count442
\c@endpropositionctr=\count443
\c@currpropositionstarredctr=\count444
\c@endpropositionstarredctr=\count445
\c@propositionstarred=\count446
\c@currconjecturectr=\count447
\c@endconjecturectr=\count448
\c@currcriterionctr=\count449
\c@endcriterionctr=\count450
\c@currassertionctr=\count451
\c@endassertionctr=\count452
\c@currfactctr=\count453
\c@endfactctr=\count454
\c@currhypothesisctr=\count455
\c@endhypothesisctr=\count456
\c@currdefinitionxctr=\count457
\c@enddefinitionxctr=\count458
\c@currdefinitionstarredctr=\count459
\c@enddefinitionstarredctr=\count460
\c@definitionstarred=\count461
\c@currconditionctr=\count462
\c@endconditionctr=\count463
\c@curraxiomctr=\count464
\c@endaxiomctr=\count465
\c@axiom=\count466
\c@currpostulatectr=\count467
\c@endpostulatectr=\count468
\c@currpropertyctr=\count469
\c@endpropertyctr=\count470
\c@currterminologyxctr=\count471
\c@endterminologyxctr=\count472
\c@currterminologystarredctr=\count473
\c@endterminologystarredctr=\count474
\c@terminologystarred=\count475
\c@currproblemctr=\count476
\c@endproblemctr=\count477
\c@currexamplectr=\count478
\c@endexamplectr=\count479
\c@currexercisectr=\count480
\c@endexercisectr=\count481
\c@exercise=\count482
\c@currexercisexctr=\count483
\c@endexercisexctr=\count484
\c@exercisex=\count485
\c@currexercisechapctr=\count486
\c@endexercisechapctr=\count487
\c@exercisechap=\count488
\c@curralgorithmxctr=\count489
\c@endalgorithmxctr=\count490
\c@curralgorithmstarredctr=\count491
\c@endalgorithmstarredctr=\count492
\c@algorithmstarred=\count493
\c@currquestionctr=\count494
\c@endquestionctr=\count495
\c@question=\count496
\c@currassumptionctr=\count497
\c@endassumptionctr=\count498
\c@currremarkxctr=\count499
\c@endremarkxctr=\count500
\c@remarkx=\count501
\c@currremarkctr=\count502
\c@endremarkctr=\count503
\c@currnotectr=\count504
\c@endnotectr=\count505
\c@currobservationctr=\count506
\c@endobservationctr=\count507
\c@currnotationctr=\count508
\c@endnotationctr=\count509
\c@currclaimctr=\count510
\c@endclaimctr=\count511
\c@currsummaryctr=\count512
\c@endsummaryctr=\count513
\c@summary=\count514
\c@curracknowledgementctr=\count515
\c@endacknowledgementctr=\count516
\c@currcasectr=\count517
\c@endcasectr=\count518
\c@case=\count519
\c@curroptionctr=\count520
\c@endoptionctr=\count521
\c@option=\count522
\c@currconclusionctr=\count523
\c@endconclusionctr=\count524
\c@conclusion=\count525
\c@currsolutionctr=\count526
\c@endsolutionctr=\count527
\c@solution=\count528
\c@currmotivationctr=\count529
\c@endmotivationctr=\count530
\c@motivation=\count531
\c@currnotationstarredctr=\count532
\c@endnotationstarredctr=\count533
\c@notationstarred=\count534
\c@currexms_rawctr=\count535
\c@endexms_rawctr=\count536
\c@exms_raw=\count537
\c@currexrs_rawctr=\count538
\c@endexrs_rawctr=\count539
\c@exrs_raw=\count540
)
(C:\Users\tealeaf\AppData\Local\Programs\MiKTeX\tex/latex/polynom\polynom.sty
Package: polynom 2017/07/17 0.19 (CH,HA)
\pld@currstage=\count541
)
(C:/localtexmf\tex/latex/hebrewdoc\hebrewdoc.sty
Package: hebrewdoc 2018/10/05 Hebrew Macros

(C:\Users\tealeaf\AppData\Local\Programs\MiKTeX\tex/latex/base\inputenc.sty
Package: inputenc 2024/02/08 v1.3d Input encoding file
\inpenc@prehook=\toks55
\inpenc@posthook=\toks56
)
(C:\Users\tealeaf\AppData\Local\Programs\MiKTeX\tex/latex/polyglossia\polygloss
ia.sty
Package: polyglossia 2025/12/01 v2.9 Modern multilingual typesetting with XeLaT
eX and LuaLaTeX

(C:\Users\tealeaf\AppData\Local\Programs\MiKTeX\tex/latex/fontspec\fontspec.sty
Package: fontspec 2025/09/29 v2.9g Font selection for XeLaTeX and LuaLaTeX

(C:\Users\tealeaf\AppData\Local\Programs\MiKTeX\tex/latex/fontspec\fontspec-xet
ex.sty
Package: fontspec-xetex 2025/09/29 v2.9g Font selection for XeLaTeX and LuaLaTe
X
\l__fontspec_script_int=\count542
\l__fontspec_language_int=\count543
\l__fontspec_strnum_int=\count544
\l__fontspec_tmp_int=\count545
\l__fontspec_tmpa_int=\count546
\l__fontspec_tmpb_int=\count547
\l__fontspec_tmpc_int=\count548
\l__fontspec_em_int=\count549
\l__fontspec_emdef_int=\count550
\l__fontspec_strong_int=\count551
\l__fontspec_strongdef_int=\count552
\l__fontspec_tmpa_dim=\dimen323
\l__fontspec_tmpb_dim=\dimen324
\l__fontspec_tmpc_dim=\dimen325

(C:\Users\tealeaf\AppData\Local\Programs\MiKTeX\tex/latex/base\fontenc.sty
Package: fontenc 2025/07/18 v2.1d Standard LaTeX package
)
(C:\Users\tealeaf\AppData\Local\Programs\MiKTeX\tex/latex/fontspec\fontspec.cfg
)))
\l_xpg_alias_keyvals_int=\count553

(C:\Users\tealeaf\AppData\Local\Programs\MiKTeX\tex/latex/polyglossia\gloss-lat
ex.ldf
File: gloss-latex.ldf polyglossia: module for default language
))
(C:\Users\tealeaf\AppData\Local\Programs\MiKTeX\tex/latex/bidi\bidi.sty
Package: bidi 2026/01/08 v26.01.08 (Release Iran) Bidirectional typesetting in 
plain TeX and LaTeX

****************************************************
* 
* bidi package (Bidirectional typesetting with
* plain TeX and LaTeX formats in XeTeX and LuaTeX engines)
* 
* Description: A convenient interface for
* typesetting bidirectional texts in plain TeX
* and LaTeX. The package includes adaptations
* for use with many other commonly-used packages.
* 
* Copyright (c) 2007--2026 Vafa Khalighi
* Copyright (c) 2018--2020 bidi-tex GitHub organization
* 
* v26.01.08 (Release Iran), 2026/01/08
* 
* License: LaTeX Project Public License, version
* 1.3c or higher (your choice)
* 
* Location on CTAN: /macros/unicodetex/generic/bidi
* 
* Issue tracker: https://github.com/xepersian/bidi/issues
* 
* Primary author of bidi package: Vafa Khalighi.
* 
****************************************************
(C:\Users\tealeaf\AppData\Local\Programs\MiKTeX\tex/latex/bidi\biditools.sty
Package: biditools 2025/12/19 v2.9 Programming tools for bidi package
\@bidi@envbody=\toks57
\@bidi@emptytoks=\toks58
\bidi@poscount=\count554
\bidi@tempcountb=\count555
\bidi@temptoksa=\toks59
\bidi@temptoksb=\toks60
\bidi@dummies=\count556
\bidi@are@these@correct=\toks61
\bidi@toks@lista=\toks62
\bidi@toks@listb=\toks63
\bidi@stack@length=\count557
\bidi@empty@stack=\toks64
\bidi@looprepeat@depth=\count558
)
(C:\Users\tealeaf\AppData\Local\Programs\MiKTeX\tex/latex/zref\zref-abspage.sty
Package: zref-abspage 2026-03-07 v2.37 Module abspage for zref (HO)
(C:\Users\tealeaf\AppData\Local\Programs\MiKTeX\tex/latex/zref\zref-base.sty
Package: zref-base 2026-03-07 v2.37 Module base for zref (HO)

(C:\Users\tealeaf\AppData\Local\Programs\MiKTeX\tex/latex/auxhook\auxhook.sty
Package: auxhook 2019-12-17 v1.6 Hooks for auxiliary files (HO)
)
Package zref Info: New property list: main on input line 767.
Package zref Info: New property: default on input line 768.
Package zref Info: New property: page on input line 769.
)
\c@abspage=\count559
Package zref Info: New property: abspage on input line 67.
)
\@bidi@copyins@=\insert252
\bidi@typesethour=\count560
\bidi@typesetminute=\count561

(C:\Users\tealeaf\AppData\Local\Programs\MiKTeX\tex/latex/bidi\latex-xetex-bidi
.def
File: latex-xetex-bidi.def 2025/12/19 v1.5.6 bidi adaptations for `latex.ltx' f
or XeTeX engine
\bidi@n@everypar=\toks65
LaTeX Info: Redefining \centerline on input line 317.
LaTeX Info: Redefining \leftline on input line 326.
LaTeX Info: Redefining \rightline on input line 327.
LaTeX Info: Redefining \underline on input line 335.
\bidi@column@check@number=\count562

(C:\Users\tealeaf\AppData\Local\Programs\MiKTeX\tex/latex/bidi\footnote-xetex-b
idi.def
File: footnote-xetex-bidi.def 2025/09/30 v1.6 bidi footnote macros for XeTeX en
gine
\c@footdir@label=\count563
\footdir@toks=\toks66
)
(C:\Users\tealeaf\AppData\Local\Programs\MiKTeX\tex/latex/bidi\book-xetex-bidi.
def
File: book-xetex-bidi.def 2025/12/19 v1.6 bidi adaptations for standard book cl
ass for XeTeX engine
)
(C:\Users\tealeaf\AppData\Local\Programs\MiKTeX\tex/latex/bidi\amsmath-xetex-bi
di.def
File: amsmath-xetex-bidi.def 2020/05/16 v1.2 bidi adaptations for amsmath packa
ge for XeTeX engine
)
(C:\Users\tealeaf\AppData\Local\Programs\MiKTeX\tex/latex/bidi\amstext-xetex-bi
di.def
File: amstext-xetex-bidi.def 2016/09/12 v0.2 bidi adaptations for amstext packa
ge for XeTeX engine
)
(C:\Users\tealeaf\AppData\Local\Programs\MiKTeX\tex/latex/bidi\caption-xetex-bi
di.def
File: caption-xetex-bidi.def 2010/07/25 v0.1 bidi adaptations for caption packa
ge for XeTeX engine
)
(C:\Users\tealeaf\AppData\Local\Programs\MiKTeX\tex/latex/bidi\caption3-xetex-b
idi.def
File: caption3-xetex-bidi.def 2013/04/01 v0.1 bidi adaptations for caption3 pac
kage for XeTeX engine
)
(C:\Users\tealeaf\AppData\Local\Programs\MiKTeX\tex/latex/bidi\color-xetex-bidi
.def
File: color-xetex-bidi.def 2013/04/08 v0.2 bidi adaptations for color package f
or XeTeX engine
LaTeX Info: Redefining \color on input line 50.
)
(C:\Users\tealeaf\AppData\Local\Programs\MiKTeX\tex/latex/bidi\fancyhdr-xetex-b
idi.def
File: fancyhdr-xetex-bidi.def 2025/09/03 v1.0 bidi adaptations for fancyhdr pac
kage for XeTeX engine
)
(C:\Users\tealeaf\AppData\Local\Programs\MiKTeX\tex/latex/bidi\geometry-xetex-b
idi.def
File: geometry-xetex-bidi.def 2017/01/14 v0.2 bidi adaptations for geometry pac
kage for XeTeX engine
)
(C:\Users\tealeaf\AppData\Local\Programs\MiKTeX\tex/latex/bidi\graphicx-xetex-b
idi.def
File: graphicx-xetex-bidi.def 2017/06/17 v0.5 bidi adaptations for graphicx pac
kage for XeTeX engine
)
(C:\Users\tealeaf\AppData\Local\Programs\MiKTeX\tex/latex/bidi\hyperref-xetex-b
idi.def
File: hyperref-xetex-bidi.def 2025/12/06 v1.5 bidi adaptations for hyperref pac
kage for XeTeX engine
)
(C:\Users\tealeaf\AppData\Local\Programs\MiKTeX\tex/latex/bidi\mathtools-xetex-
bidi.def
File: mathtools-xetex-bidi.def 2025/01/03 v0.2 bidi adaptations for mathtools p
ackage for XeTeX engine
)
(C:\Users\tealeaf\AppData\Local\Programs\MiKTeX\tex/latex/bidi\ntheorem-xetex-b
idi.def
File: ntheorem-xetex-bidi.def 2025/10/28 v0.2 bidi adaptations for ntheorem pac
kage for XeTeX engine
)
(C:\Users\tealeaf\AppData\Local\Programs\MiKTeX\tex/latex/bidi\pgfsys-xetex-bid
i.def
File: pgfsys-xetex-bidi.def 2025/01/05 v0.1 bidi adaptations for pgfsys package
 for XeTeX engine
)
(C:\Users\tealeaf\AppData\Local\Programs\MiKTeX\tex/latex/bidi\xcolor-xetex-bid
i.def
File: xcolor-xetex-bidi.def 2022/06/13 v0.3 bidi adaptations for xcolor package
 for XeTeX engine
LaTeX Info: Redefining \color on input line 49.
LaTeX Info: Redefining \bidicolor on input line 92.
)
(C:\Users\tealeaf\AppData\Local\Programs\MiKTeX\tex/latex/bidi\pgfcorescopes.co
de-xetex-bidi.def
File: pgfcorescopes.code-xetex-bidi.def 2015/11/14 v0.1 bidi adaptations for pg
f package for XeTeX engine
))
\bidi@digits=\count564
\bidi@digits@charclass=\XeTeXcharclass1
\bidi@sepmark@charclass=\XeTeXcharclass2
)
(C:\Users\tealeaf\AppData\Local\Programs\MiKTeX\tex/latex/polyglossia\gloss-heb
rew.ldf
File: gloss-hebrew.ldf polyglossia: module for Hebrew

(C:\Users\tealeaf\AppData\Local\Programs\MiKTeX\tex/latex/polyglossia\hebrewcal
.sty
Package: hebrewcal 2022/07/18 v2.8 Hebrew calendar for polyglossia (adapted fro
m hebcal.sty in Babel)

(C:\Users\tealeaf\AppData\Local\Programs\MiKTeX\tex/latex/polyglossia\cal-util.
def
\c@tmpA=\count565
\c@tmpB=\count566
\c@tmpC=\count567
\c@tmpD=\count568
\c@tmpE=\count569
\c@tmpF=\count570
)
\hebrewday=\count571
\hebrewmonth=\count572
\hebrewyear=\count573
\@common=\count574
)
(C:\Users\tealeaf\AppData\Local\Programs\MiKTeX\tex/latex/polyglossia\babel-heb
rewalph.def
File: babel-hebrewalph.def 2023/06/01 Expandable definitions for Hebrew numeral
s
))

Package polyglossia Info: Default language is hebrew


(C:\Users\tealeaf\AppData\Local\Programs\MiKTeX\tex/latex/polyglossia\gloss-eng
lish.ldf
File: gloss-english.ldf polyglossia: module for English
)

Package fontspec Info: 
(fontspec)             Font family 'Calibri(0)' created for font 'Calibri'
(fontspec)             with options [Script=Hebrew,AutoFakeSlant=-0.15].
(fontspec)              
(fontspec)              This font family consists of the following NFSS
(fontspec)             series/shapes:
(fontspec)              
(fontspec)             - 'normal' (m/n) with NFSS spec.:
(fontspec)             <->"Calibri/OT:script=hebr;language=dflt;"
(fontspec)             - 'small caps'  (m/sc) with NFSS spec.:
(fontspec)             <->"Calibri/OT:script=hebr;language=dflt;+smcp;"
(fontspec)             - 'bold' (b/n) with NFSS spec.:
(fontspec)             <->"Calibri/B/OT:script=hebr;language=dflt;"
(fontspec)             - 'bold small caps'  (b/sc) with NFSS spec.:
(fontspec)             <->"Calibri/B/OT:script=hebr;language=dflt;+smcp;"
(fontspec)             - 'italic' (m/it) with NFSS spec.:
(fontspec)             <->"Calibri/OT:script=hebr;language=dflt;slant=-0.15;"
(fontspec)             - 'italic small caps'  (m/scit) with NFSS spec.:
(fontspec)             <->"Calibri/OT:script=hebr;language=dflt;slant=-0.15;+sm
cp;"
(fontspec)             - 'bold italic' (b/it) with NFSS spec.:
(fontspec)             <->"Calibri/B/OT:script=hebr;language=dflt;"
(fontspec)             - 'bold italic small caps'  (b/scit) with NFSS spec.:
(fontspec)             <->"Calibri/B/OT:script=hebr;language=dflt;+smcp;"


Package fontspec Info: 
(fontspec)             Font family 'Calibri(1)' created for font 'Calibri'
(fontspec)             with options [].
(fontspec)              
(fontspec)              This font family consists of the following NFSS
(fontspec)             series/shapes:
(fontspec)              
(fontspec)             - 'normal' (m/n) with NFSS spec.:
(fontspec)             <->"Calibri/OT:script=latn;language=dflt;"
(fontspec)             - 'small caps'  (m/sc) with NFSS spec.:
(fontspec)             <->"Calibri/OT:script=latn;language=dflt;+smcp;"
(fontspec)             - 'bold' (b/n) with NFSS spec.:
(fontspec)             <->"Calibri/B/OT:script=latn;language=dflt;"
(fontspec)             - 'bold small caps'  (b/sc) with NFSS spec.:
(fontspec)             <->"Calibri/B/OT:script=latn;language=dflt;+smcp;"
(fontspec)             - 'italic' (m/it) with NFSS spec.:
(fontspec)             <->"Calibri/I/OT:script=latn;language=dflt;"
(fontspec)             - 'italic small caps'  (m/scit) with NFSS spec.:
(fontspec)             <->"Calibri/I/OT:script=latn;language=dflt;+smcp;"
(fontspec)             - 'bold italic' (b/it) with NFSS spec.:
(fontspec)             <->"Calibri/BI/OT:script=latn;language=dflt;"
(fontspec)             - 'bold italic small caps'  (b/scit) with NFSS spec.:
(fontspec)             <->"Calibri/BI/OT:script=latn;language=dflt;+smcp;"

) (C:/localtexmf\tex/latex/stylish\stylish.sty
Package: stylish 2018/10/05 Stylish Book Design

(C:\Users\tealeaf\AppData\Local\Programs\MiKTeX\tex/latex/csquotes\csquotes.sty
Package: csquotes 2024-04-04 v5.2o context-sensitive quotations (JAW)
\csq@reset=\count575
\csq@gtype=\count576
\csq@glevel=\count577
\csq@qlevel=\count578
\csq@maxlvl=\count579
\csq@tshold=\count580
\csq@ltx@everypar=\toks67

(C:\Users\tealeaf\AppData\Local\Programs\MiKTeX\tex/latex/csquotes\csquotes.def
File: csquotes.def 2024-04-04 v5.2o csquotes generic definitions (JAW)
)
Package csquotes Info: Trying to load configuration file 'csquotes.cfg'...
Package csquotes Info: ... configuration file loaded successfully.

(C:\Users\tealeaf\AppData\Local\Programs\MiKTeX\tex/latex/csquotes\csquotes.cfg
File: csquotes.cfg 
)
Package csquotes Info: Disabling multilingual quotes.
Package csquotes Info: Redefining alias 'default' -> 'british'.
)
(C:\Users\tealeaf\AppData\Local\Programs\MiKTeX\tex/latex/mdwtools\footnote.sty
Package: footnote 1997/01/28 1.13 Save footnotes around boxes
\fn@notes=\box90
\fn@width=\dimen326
)
(C:\Users\tealeaf\AppData\Local\Programs\MiKTeX\tex/latex/enumitem\enumitem.sty
Package: enumitem 2025/02/06 v3.11 Customized lists
\labelindent=\skip83
\enit@outerparindent=\dimen327
\enit@toks=\toks68
\enit@inbox=\box91
\enit@count@id=\count581
\enitdp@description=\count582
))
(C:\Users\tealeaf\AppData\Local\Programs\MiKTeX\tex/latex/caption\subcaption.st
y
Package: subcaption 2023/07/28 v1.6b Sub-captions (AR)
Package caption Info: New subtype `subfigure' on input line 238.
\c@subfigure=\count583
Package caption Info: New subtype `subtable' on input line 238.
\c@subtable=\count584
)
(C:\Users\tealeaf\AppData\Local\Programs\MiKTeX\tex/generic/pgf/frontendlayer/t
ikz/libraries\tikzlibraryfit.code.tex
File: tikzlibraryfit.code.tex 2025-08-29 v3.1.11a (3.1.11a)
)
(C:\Users\tealeaf\AppData\Local\Programs\MiKTeX\tex/latex/biblatex\biblatex.sty
Package: biblatex 2025/07/10 v3.21 programmable bibliographies (PK/MW)
(C:\Users\tealeaf\AppData\Local\Programs\MiKTeX\tex/latex/logreq\logreq.sty
Package: logreq 2010/08/04 v1.0 xml request logger
\lrq@indent=\count585

(C:\Users\tealeaf\AppData\Local\Programs\MiKTeX\tex/latex/logreq\logreq.def
File: logreq.def 2010/08/04 v1.0 logreq spec v1.0
))
\c@tabx@nest=\count586
\c@listtotal=\count587
\c@listcount=\count588
\c@liststart=\count589
\c@liststop=\count590
\c@citecount=\count591
\c@citetotal=\count592
\c@multicitecount=\count593
\c@multicitetotal=\count594
\c@instcount=\count595
\c@maxnames=\count596
\c@minnames=\count597
\c@maxitems=\count598
\c@minitems=\count599
\c@citecounter=\count600
\c@maxcitecounter=\count601
\c@savedcitecounter=\count602
\c@uniquelist=\count603
\c@uniquename=\count604
\c@refsection=\count605
\c@refsegment=\count606
\c@maxextratitle=\count607
\c@maxextratitleyear=\count608
\c@maxextraname=\count609
\c@maxextradate=\count610
\c@maxextraalpha=\count611
\c@abbrvpenalty=\count612
\c@highnamepenalty=\count613
\c@lownamepenalty=\count614
\c@maxparens=\count615
\c@parenlevel=\count616
\blx@tempcnta=\count617
\blx@tempcntb=\count618
\blx@tempcntc=\count619
\c@blx@maxsection=\count620
\blx@maxsegment@0=\count621
\blx@notetype=\count622
\blx@parenlevel@text=\count623
\blx@parenlevel@foot=\count624
\blx@sectionciteorder@0=\count625
\blx@sectionciteorderinternal@0=\count626
\blx@entrysetcounter=\count627
\blx@biblioinstance=\count628
\labelnumberwidth=\skip84
\labelalphawidth=\skip85
\biblabelsep=\skip86
\bibitemsep=\skip87
\bibnamesep=\skip88
\bibinitsep=\skip89
\bibparsep=\skip90
\bibhang=\skip91
\blx@bcfin=\read3
\blx@bcfout=\write5
\blx@langwohyphens=\language79
\c@mincomprange=\count629
\c@maxcomprange=\count630
\c@mincompwidth=\count631
Package biblatex Info: Trying to load biblatex default data model...
Package biblatex Info: ... file 'blx-dm.def' found.

(C:\Users\tealeaf\AppData\Local\Programs\MiKTeX\tex/latex/biblatex\blx-dm.def
File: blx-dm.def 2025/07/10 v3.21 biblatex datamodel (PK/MW)
)
Package biblatex Info: Trying to load biblatex style data model...
Package biblatex Info: ... file 'alphabetic.dbx' not found.
Package biblatex Info: Trying to load biblatex custom data model...
Package biblatex Info: ... file 'biblatex-dm.cfg' not found.
\c@afterword=\count632
\c@savedafterword=\count633
\c@annotator=\count634
\c@savedannotator=\count635
\c@author=\count636
\c@savedauthor=\count637
\c@bookauthor=\count638
\c@savedbookauthor=\count639
\c@commentator=\count640
\c@savedcommentator=\count641
\c@editor=\count642
\c@savededitor=\count643
\c@editora=\count644
\c@savededitora=\count645
\c@editorb=\count646
\c@savededitorb=\count647
\c@editorc=\count648
\c@savededitorc=\count649
\c@foreword=\count650
\c@savedforeword=\count651
\c@holder=\count652
\c@savedholder=\count653
\c@introduction=\count654
\c@savedintroduction=\count655
\c@namea=\count656
\c@savednamea=\count657
\c@nameb=\count658
\c@savednameb=\count659
\c@namec=\count660
\c@savednamec=\count661
\c@translator=\count662
\c@savedtranslator=\count663
\c@shortauthor=\count664
\c@savedshortauthor=\count665
\c@shorteditor=\count666
\c@savedshorteditor=\count667
\c@labelname=\count668
\c@savedlabelname=\count669
\c@institution=\count670
\c@savedinstitution=\count671
\c@lista=\count672
\c@savedlista=\count673
\c@listb=\count674
\c@savedlistb=\count675
\c@listc=\count676
\c@savedlistc=\count677
\c@listd=\count678
\c@savedlistd=\count679
\c@liste=\count680
\c@savedliste=\count681
\c@listf=\count682
\c@savedlistf=\count683
\c@location=\count684
\c@savedlocation=\count685
\c@organization=\count686
\c@savedorganization=\count687
\c@origlocation=\count688
\c@savedoriglocation=\count689
\c@origpublisher=\count690
\c@savedorigpublisher=\count691
\c@publisher=\count692
\c@savedpublisher=\count693
\c@language=\count694
\c@savedlanguage=\count695
\c@origlanguage=\count696
\c@savedoriglanguage=\count697
\c@pageref=\count698
\c@savedpageref=\count699
\shorthandwidth=\skip92
\shortjournalwidth=\skip93
\shortserieswidth=\skip94
\shorttitlewidth=\skip95
\shortauthorwidth=\skip96
\shorteditorwidth=\skip97
\locallabelnumberwidth=\skip98
\locallabelalphawidth=\skip99
\localshorthandwidth=\skip100
\localshortjournalwidth=\skip101
\localshortserieswidth=\skip102
\localshorttitlewidth=\skip103
\localshortauthorwidth=\skip104
\localshorteditorwidth=\skip105
Package biblatex Info: Trying to load enhanced support for Unicode engines...
Package biblatex Info: ... file 'blx-unicode.def' found.

(C:\Users\tealeaf\AppData\Local\Programs\MiKTeX\tex/latex/biblatex\blx-unicode.
def)
Package biblatex Info: Trying to load compatibility code...
Package biblatex Info: ... file 'blx-compat.def' found.

(C:\Users\tealeaf\AppData\Local\Programs\MiKTeX\tex/latex/biblatex\blx-compat.d
ef
File: blx-compat.def 2025/07/10 v3.21 biblatex compatibility (PK/MW)
)
Package biblatex Info: Trying to load generic definitions...
Package biblatex Info: ... file 'biblatex.def' found.

(C:\Users\tealeaf\AppData\Local\Programs\MiKTeX\tex/latex/biblatex\biblatex.def
File: biblatex.def 2025/07/10 v3.21 biblatex compatibility (PK/MW)
\c@textcitecount=\count700
\c@textcitetotal=\count701
\c@textcitemaxnames=\count702
\c@biburlbigbreakpenalty=\count703
\c@biburlbreakpenalty=\count704
\c@biburlnumpenalty=\count705
\c@biburlucpenalty=\count706
\c@biburllcpenalty=\count707
\biburlbigskip=\muskip22
\biburlnumskip=\muskip23
\biburlucskip=\muskip24
\biburllcskip=\muskip25
\c@smartand=\count708
)
Package biblatex Info: Trying to load bibliography style 'alphabetic'...
Package biblatex Info: ... file 'alphabetic.bbx' found.

(C:\Users\tealeaf\AppData\Local\Programs\MiKTeX\tex/latex/biblatex/bbx\alphabet
ic.bbx
File: alphabetic.bbx 2025/07/10 v3.21 biblatex bibliography style (PK/MW)
Package biblatex Info: Trying to load bibliography style 'standard'...
Package biblatex Info: ... file 'standard.bbx' found.

(C:\Users\tealeaf\AppData\Local\Programs\MiKTeX\tex/latex/biblatex/bbx\standard
.bbx
File: standard.bbx 2025/07/10 v3.21 biblatex bibliography style (PK/MW)
\c@bbx:relatedcount=\count709
\c@bbx:relatedtotal=\count710
))
Package biblatex Info: Trying to load citation style 'alphabetic'...
Package biblatex Info: ... file 'alphabetic.cbx' found.

(C:\Users\tealeaf\AppData\Local\Programs\MiKTeX\tex/latex/biblatex/cbx\alphabet
ic.cbx
File: alphabetic.cbx 2025/07/10 v3.21 biblatex citation style (PK/MW)
Package biblatex Info: Redefining '\cite'.
Package biblatex Info: Redefining '\parencite'.
Package biblatex Info: Redefining '\footcite'.
Package biblatex Info: Redefining '\footcitetext'.
Package biblatex Info: Redefining '\smartcite'.
Package biblatex Info: Redefining '\textcite'.
Package biblatex Info: Redefining '\textcites'.
Package biblatex Info: Redefining '\cites'.
Package biblatex Info: Redefining '\parencites'.
Package biblatex Info: Redefining '\smartcites'.
)
Package biblatex Info: Trying to load configuration file...
Package biblatex Info: ... file 'biblatex.cfg' found.

(C:\Users\tealeaf\AppData\Local\Programs\MiKTeX\tex/latex/biblatex\biblatex.cfg
File: biblatex.cfg 
)
Package biblatex Info: XeTeX detected.
(biblatex)             Assuming input encoding 'utf8'.
Package biblatex Info: Document encoding is UTF8 ....
Package biblatex Info: ... and expl3
(biblatex)             2026-01-19 L3 programming layer (loader) 
(biblatex)             is new enough (at least 2020/04/06),
(biblatex)             setting 'casechanger=expl3'.

(C:\Users\tealeaf\AppData\Local\Programs\MiKTeX\tex/latex/biblatex\blx-case-exp
l3.sty
Package: blx-case-expl3 2025/07/10 v3.21 expl3 case changing code for biblatex
)) (algebra_2_recitations.aux)
\openout1 = `algebra_2_recitations.aux'.

LaTeX Font Info:    Checking defaults for OML/cmm/m/it on input line 69.
LaTeX Font Info:    ... okay on input line 69.
LaTeX Font Info:    Checking defaults for OMS/cmsy/m/n on input line 69.
LaTeX Font Info:    ... okay on input line 69.
LaTeX Font Info:    Checking defaults for OT1/cmr/m/n on input line 69.
LaTeX Font Info:    ... okay on input line 69.
LaTeX Font Info:    Checking defaults for T1/cmr/m/n on input line 69.
LaTeX Font Info:    ... okay on input line 69.
LaTeX Font Info:    Checking defaults for TS1/cmr/m/n on input line 69.
LaTeX Font Info:    ... okay on input line 69.
LaTeX Font Info:    Checking defaults for TU/lmr/m/n on input line 69.
LaTeX Font Info:    ... okay on input line 69.
LaTeX Font Info:    Checking defaults for OMX/cmex/m/n on input line 69.
LaTeX Font Info:    ... okay on input line 69.
LaTeX Font Info:    Checking defaults for U/cmr/m/n on input line 69.
LaTeX Font Info:    ... okay on input line 69.
LaTeX Font Info:    Checking defaults for PD1/pdf/m/n on input line 69.
LaTeX Font Info:    ... okay on input line 69.
LaTeX Font Info:    Checking defaults for PU/pdf/m/n on input line 69.
LaTeX Font Info:    ... okay on input line 69.
Package caption Info: Begin \AtBeginDocument code.
Package caption Info: hyperref package is loaded.
Package caption Info: End \AtBeginDocument code.

*geometry* driver: auto-detecting
*geometry* detected driver: xetex
*geometry* verbose mode - [ preamble ] result:
* driver: xetex
* paper: a4paper
* layout: <same size as paper>
* layoutoffset:(h,v)=(0.0pt,0.0pt)
* modes: twoside 
* h-part:(L,W,R)=(85.35826pt, 426.79135pt, 85.35826pt)
* v-part:(T,H,B)=(56.9055pt, 731.23584pt, 56.9055pt)
* \paperwidth=597.50787pt
* \paperheight=845.04684pt
* \textwidth=426.79135pt
* \textheight=731.23584pt
* \oddsidemargin=13.08827pt
* \evensidemargin=13.08827pt
* \topmargin=-45.43198pt
* \headheight=12.0pt
* \headsep=18.06749pt
* \topskip=10.0pt
* \footskip=25.29494pt
* \marginparwidth=56.9055pt
* \marginparsep=7.0pt
* \columnsep=10.0pt
* \skip\footins=9.0pt plus 4.0pt minus 2.0pt
* \hoffset=0.0pt
* \voffset=0.0pt
* \mag=1000
* \@twocolumnfalse
* \@twosidetrue
* \@mparswitchtrue
* \@reversemarginfalse
* (1in=72.27pt=25.4mm, 1cm=28.453pt)

Package hyperref Info: Link coloring ON on input line 69.
(algebra_2_recitations.out) (algebra_2_recitations.out)
\@outlinefile=\write6
\openout6 = `algebra_2_recitations.out'.


Package fontspec Info: 
(fontspec)             Adjusting the maths setup (use [no-math] to avoid
(fontspec)             this).

\symlegacymaths=\mathgroup7
LaTeX Font Info:    Overwriting symbol font `legacymaths' in version `bold'
(Font)                  OT1/cmr/m/n --> OT1/cmr/bx/n on input line 69.
LaTeX Font Info:    Redeclaring math accent \acute on input line 69.
LaTeX Font Info:    Redeclaring math accent \grave on input line 69.
LaTeX Font Info:    Redeclaring math accent \ddot on input line 69.
LaTeX Font Info:    Redeclaring math accent \tilde on input line 69.
LaTeX Font Info:    Redeclaring math accent \bar on input line 69.
LaTeX Font Info:    Redeclaring math accent \breve on input line 69.
LaTeX Font Info:    Redeclaring math accent \check on input line 69.
LaTeX Font Info:    Redeclaring math accent \hat on input line 69.
LaTeX Font Info:    Redeclaring math accent \dot on input line 69.
LaTeX Font Info:    Redeclaring math accent \mathring on input line 69.
LaTeX Font Info:    Redeclaring math symbol \Gamma on input line 69.
LaTeX Font Info:    Redeclaring math symbol \Delta on input line 69.
LaTeX Font Info:    Redeclaring math symbol \Theta on input line 69.
LaTeX Font Info:    Redeclaring math symbol \Lambda on input line 69.
LaTeX Font Info:    Redeclaring math symbol \Xi on input line 69.
LaTeX Font Info:    Redeclaring math symbol \Pi on input line 69.
LaTeX Font Info:    Redeclaring math symbol \Sigma on input line 69.
LaTeX Font Info:    Redeclaring math symbol \Upsilon on input line 69.
LaTeX Font Info:    Redeclaring math symbol \Phi on input line 69.
LaTeX Font Info:    Redeclaring math symbol \Psi on input line 69.
LaTeX Font Info:    Redeclaring math symbol \Omega on input line 69.
LaTeX Font Info:    Redeclaring math symbol \mathdollar on input line 69.
LaTeX Font Info:    Redeclaring symbol font `operators' on input line 69.
LaTeX Font Info:    Encoding `OT1' has changed to `TU' for symbol font
(Font)              `operators' in the math version `normal' on input line 69.
LaTeX Font Info:    Overwriting symbol font `operators' in version `normal'
(Font)                  OT1/cmr/m/n --> TU/lmr/m/n on input line 69.
LaTeX Font Info:    Encoding `OT1' has changed to `TU' for symbol font
(Font)              `operators' in the math version `bold' on input line 69.
LaTeX Font Info:    Overwriting symbol font `operators' in version `bold'
(Font)                  OT1/cmr/bx/n --> TU/lmr/m/n on input line 69.
LaTeX Font Info:    Overwriting symbol font `operators' in version `normal'
(Font)                  TU/lmr/m/n --> TU/lmr/m/n on input line 69.
LaTeX Font Info:    Overwriting math alphabet `\mathit' in version `normal'
(Font)                  OT1/cmr/m/it --> TU/lmr/m/it on input line 69.
LaTeX Font Info:    Overwriting math alphabet `\mathbf' in version `normal'
(Font)                  OT1/cmr/bx/n --> TU/lmr/b/n on input line 69.
LaTeX Font Info:    Overwriting math alphabet `\mathsf' in version `normal'
(Font)                  OT1/cmss/m/n --> TU/lmss/m/n on input line 69.
LaTeX Font Info:    Overwriting math alphabet `\mathtt' in version `normal'
(Font)                  OT1/cmtt/m/n --> TU/lmtt/m/n on input line 69.
LaTeX Font Info:    Overwriting symbol font `operators' in version `bold'
(Font)                  TU/lmr/m/n --> TU/lmr/b/n on input line 69.
LaTeX Font Info:    Overwriting math alphabet `\mathit' in version `bold'
(Font)                  OT1/cmr/bx/it --> TU/lmr/b/it on input line 69.
LaTeX Font Info:    Overwriting math alphabet `\mathsf' in version `bold'
(Font)                  OT1/cmss/bx/n --> TU/lmss/b/n on input line 69.
LaTeX Font Info:    Overwriting math alphabet `\mathtt' in version `bold'
(Font)                  OT1/cmtt/m/n --> TU/lmtt/b/n on input line 69.
Package biblatex Info: Trying to load language 'american'...
Package biblatex Info: ... file 'american.lbx' found.

(C:\Users\tealeaf\AppData\Local\Programs\MiKTeX\tex/latex/biblatex/lbx\american
.lbx
File: american.lbx 2025/07/10 v3.21 biblatex localization (PK/MW)
Package biblatex Info: Trying to load language 'english'...
Package biblatex Info: ... file 'english.lbx' found.

(C:\Users\tealeaf\AppData\Local\Programs\MiKTeX\tex/latex/biblatex/lbx\english.
lbx
File: english.lbx 2025/07/10 v3.21 biblatex localization (PK/MW)
)
Package biblatex Info: Trying to load language 'english'...
Package biblatex Info: ... file 'english.lbx' found.

(C:\Users\tealeaf\AppData\Local\Programs\MiKTeX\tex/latex/biblatex/lbx\english.
lbx
File: english.lbx 2025/07/10 v3.21 biblatex localization (PK/MW)
))
Package biblatex Info: Trying to load language 'hebrew'...
Package biblatex Info: ... file 'hebrew.lbx' not found.


Package biblatex Warning: Language 'hebrew' not supported.
(biblatex)                Using dummy definitions on input line 69.

Package biblatex Info: XeTeX detected.
(biblatex)             Assuming input encoding 'utf8'.
Package biblatex Info: Automatic encoding selection.
(biblatex)             Assuming data encoding 'utf8'.
\openout5 = `algebra_2_recitations.bcf'.

Package biblatex Info: Trying to load bibliographic data...
Package biblatex Info: ... file 'algebra_2_recitations.bbl' not found.
No file algebra_2_recitations.bbl.
Package biblatex Info: Reference section=0 on input line 69.
Package biblatex Info: Reference segment=0 on input line 69.
File: images/front.png Graphic file (type bmp)
<images/front.png>

Overfull \hbox (6.82864pt too wide) in paragraph at lines 72--72
 [][][][][] 
 []

LaTeX Font Info:    Trying to load font information for U+msa on input line 72.

(C:\Users\tealeaf\AppData\Local\Programs\MiKTeX\tex/latex/amsfonts\umsa.fd
File: umsa.fd 2013/01/14 v3.01 AMS symbols A
)
LaTeX Font Info:    Trying to load font information for U+msb on input line 72.


(C:\Users\tealeaf\AppData\Local\Programs\MiKTeX\tex/latex/amsfonts\umsb.fd
File: umsb.fd 2013/01/14 v3.01 AMS symbols B
)
LaTeX Font Info:    Trying to load font information for U+rsfs on input line 72
.

(C:\Users\tealeaf\AppData\Local\Programs\MiKTeX\tex/latex/jknappen\ursfs.fd
File: ursfs.fd 1998/03/24 rsfs font definition file (jk)
)

LaTeX Warning: No \author given.

[1



] (algebra_2_recitations.toc)
\tf@toc=\write7
\openout7 = `algebra_2_recitations.toc'.

 [2

] [1

] [2

]
פרק 1.
Package hyperref Info: bookmark level for unknown definitionx defaults to 0 on 
input line 117.
Package hyperref Info: bookmark level for unknown remark defaults to 0 on input
 line 141.
Package hyperref Info: bookmark level for unknown theoremx defaults to 0 on inp
ut line 168.
Package hyperref Info: bookmark level for unknown exercisechap defaults to 0 on
 input line 195.
Package hyperref Info: bookmark level for unknown proposition defaults to 0 on 
input line 208.
Package hyperref Info: bookmark level for unknown notation defaults to 0 on inp
ut line 225.
[3

]
Package hyperref Info: bookmark level for unknown solution defaults to 0 on inp
ut line 273.
 [4] [5] [6]
פרק 2.
[7

] [8] [9] [10] [11] [12] [13]

LaTeX Warning: Empty bibliography on input line 1232.

\tf@thm=\write8
\openout8 = `algebra_2_recitations.thm'.

[14] (algebra_2_recitations.aux)
 ***********
LaTeX2e <2025-11-01>
L3 programming layer <2026-01-19>
 ***********
Package rerunfilecheck Info: File `algebra_2_recitations.out' has not changed.
(rerunfilecheck)             Checksum: A2B8770E18500BE876FB44A2330A9AF5;1515.
Package logreq Info: Writing requests to 'algebra_2_recitations.run.xml'.
\openout1 = `algebra_2_recitations.run.xml'.

 ) 
Here is how much of TeX's memory you used:
 44126 strings out of 402983
 928758 string characters out of 5448068
 1998309 words of memory out of 5000000
 72145 multiletter control sequences out of 15000+600000
 638499 words of font info for 123 fonts, out of 8000000 for 9000
 1348 hyphenation exceptions out of 8191
 117i,19n,121p,1233b,3798s stack positions out of 10000i,1000n,20000p,200000b,200000s

Output written on algebra_2_recitations.pdf (16 pages).
